<?xml version="1.0" encoding="UTF-8" standalone="no"?>
<testsuite failures="0" name="cucumber.runtime.formatter.JUnitFormatter" skipped="2" tests="2" time="0">
<testcase classname="Reset functionality on login page of Application" name="Verification of Reset button" time="0">
<skipped><![CDATA[Given Open the IE and launch the application................................undefined
Then step2..................................................................undefined
Then test3..................................................................undefined
]]></skipped>
</testcase>
<testcase classname="Reset functionality on login page of Application" name="Scenario 2" time="0">
<skipped><![CDATA[Given Open the IE and launch the application................................undefined
Then step2..................................................................undefined
Then test3..................................................................undefined
]]></skipped>
</testcase>
</testsuite>
